<?xml version="1.0" encoding="UTF-8"?>
<testng-results skipped="0" failed="0" total="1" passed="1">
  <reporter-output>
  </reporter-output>
  <suite name="Default suite" duration-ms="5741" started-at="2020-05-03T09:50:05Z" finished-at="2020-05-03T09:50:10Z">
    <groups>
    </groups>
    <test name="Default test" duration-ms="5741" started-at="2020-05-03T09:50:05Z" finished-at="2020-05-03T09:50:10Z">
      <class name="utils.SampleLogFileGeneration">
        <test-method status="PASS" signature="sample()[pri:0, instance:utils.SampleLogFileGeneration@17a2457]" name="sample" duration-ms="5705" started-at="2020-05-03T15:20:05Z" finished-at="2020-05-03T15:20:10Z">
          <reporter-output>
          </reporter-output>
        </test-method> <!-- sample -->
      </class> <!-- utils.SampleLogFileGeneration -->
    </test> <!-- Default test -->
  </suite> <!-- Default suite -->
</testng-results>
